<?xml version="1.0" encoding="UTF-8"?>
<!-- Generated by org.testng.reporters.JUnitReportReporter -->
<testsuite hostname="Dnyashwar" failures="0" tests="1" name="Com.SauceDemeoProject_TESTCLASS.TC05VerifyBuyProductFunctionalityTestclass" time="3.408" errors="0" timestamp="2022-10-09T18:28:57 IST" skipped="0">
  <testcase classname="Com.SauceDemeoProject_TESTCLASS.TC05VerifyBuyProductFunctionalityTestclass" name="VerifyBuyProductFunctionality" time="3.408"/>
  <system-out/>
</testsuite> <!-- Com.SauceDemeoProject_TESTCLASS.TC05VerifyBuyProductFunctionalityTestclass -->
