<?xml version="1.0" encoding="UTF-8"?>
<!-- Generated by org.testng.reporters.JUnitReportReporter -->
<testsuite hostname="Dnyashwar" failures="0" tests="1" name="Com.SauceDemeoProject_TESTCLASS.TC01Verify_LoginFunctionalityTestclass" time="2.234" errors="0" timestamp="2022-10-10T17:39:37 IST" skipped="0">
  <testcase classname="Com.SauceDemeoProject_TESTCLASS.TC01Verify_LoginFunctionalityTestclass" name="verifyLoginfunctionality" time="2.234"/>
  <system-out/>
</testsuite> <!-- Com.SauceDemeoProject_TESTCLASS.TC01Verify_LoginFunctionalityTestclass -->
