<?xml version="1.0" encoding="UTF-8"?>
<!-- Generated by org.testng.reporters.JUnitReportReporter -->
<testsuite hostname="Dnyashwar" failures="0" tests="5" name="Com.SauceDemeoProject_TESTCLASS.TESTclass" time="9.476" errors="0" timestamp="2022-10-10T17:39:37 IST" skipped="0">
  <testcase classname="Com.SauceDemeoProject_TESTCLASS.TESTclass" name="verifylogin" time="1.457"/>
  <system-out/>
  <testcase classname="Com.SauceDemeoProject_TESTCLASS.TESTclass" name="verifyaddtocartallproduct" time="1.891"/>
  <system-out/>
  <testcase classname="Com.SauceDemeoProject_TESTCLASS.TESTclass" name="verifylogout" time="1.650"/>
  <system-out/>
  <testcase classname="Com.SauceDemeoProject_TESTCLASS.TESTclass" name="verifybagproduct" time="2.463"/>
  <system-out/>
  <testcase classname="Com.SauceDemeoProject_TESTCLASS.TESTclass" name="verifybuyproduct" time="2.015"/>
  <system-out/>
</testsuite> <!-- Com.SauceDemeoProject_TESTCLASS.TESTclass -->
