<?xml version="1.0" encoding="UTF-8"?>
<!-- Generated by org.testng.reporters.JUnitReportReporter -->
<testsuite hostname="Dnyashwar" failures="0" tests="1" name="Com.SauceDemeoProject_TESTCLASS.TC04verifyBagProductFunctionalityTestclass" time="3.011" errors="0" timestamp="2022-10-10T17:39:37 IST" skipped="0">
  <testcase classname="Com.SauceDemeoProject_TESTCLASS.TC04verifyBagProductFunctionalityTestclass" name="verifyBagProductFunctionality" time="3.011"/>
  <system-out/>
</testsuite> <!-- Com.SauceDemeoProject_TESTCLASS.TC04verifyBagProductFunctionalityTestclass -->
